<?xml version="1.0" encoding="UTF-8"?>
<!-- Generated by org.testng.reporters.JUnitReportReporter -->
<testsuite skipped="0" hostname="hp-PC" name="PageObjectModelproj.PageObjectModelpkg.LoginTestingPage" tests="1" failures="0" timestamp="2020-06-30T17:09:15 IST" time="4.686" errors="0">
  <testcase name="verifyLogin" time="4.686" classname="PageObjectModelproj.PageObjectModelpkg.LoginTestingPage"/>
  <system-out/>
</testsuite> <!-- PageObjectModelproj.PageObjectModelpkg.LoginTestingPage -->
