<?xml version="1.0" encoding="UTF-8"?>
<!-- Generated by org.testng.reporters.JUnitReportReporter -->
<testsuite skipped="0" hostname="hp-PC" name="Menu.MenuAndSunMenu" tests="1" failures="0" timestamp="2020-07-07T15:49:23 IST" time="6.518" errors="0">
  <testcase name="SubMenu" time="6.518" classname="Menu.MenuAndSunMenu"/>
  <system-out/>
</testsuite> <!-- Menu.MenuAndSunMenu -->
