<?xml version="1.0" encoding="UTF-8"?>
<!-- Generated by org.testng.reporters.JUnitReportReporter -->
<testsuite skipped="0" hostname="hp-PC" name="IframeHandling.IframeHandling" tests="1" failures="0" timestamp="2020-07-03T12:08:56 IST" time="0.130" errors="0">
  <testcase name="iFrameHandle" time="0.130" classname="IframeHandling.IframeHandling"/>
  <system-out/>
</testsuite> <!-- IframeHandling.IframeHandling -->
