<?xml version="1.0" encoding="UTF-8"?>
<!-- Generated by org.testng.reporters.JUnitReportReporter -->
<testsuite skipped="0" hostname="hp-PC" name="WindowHandling.WindowHandling" tests="1" failures="0" timestamp="2020-07-07T15:55:24 IST" time="0.145" errors="0">
  <testcase name="NewWindow" time="0.145" classname="WindowHandling.WindowHandling"/>
  <system-out/>
</testsuite> <!-- WindowHandling.WindowHandling -->
